<?xml version="1.0" encoding="UTF-8"?>
<testsuite name="com.telran.qa20.tests.BoardCreationTests" tests="1" skipped="1" failures="0" errors="0" timestamp="2019-07-23T15:52:53" hostname="Lena-Toshiba" time="0.0">
  <properties/>
  <testcase name="testBoardCreationFromHeader" classname="com.telran.qa20.tests.BoardCreationTests" time="0.0">
    <skipped/>
  </testcase>
  <system-out><![CDATA[]]></system-out>
  <system-err><![CDATA[]]></system-err>
</testsuite>
